<?xml version="1.0" encoding="UTF-8"?>
<testng-results ignored="0" total="1" passed="1" failed="0" skipped="0">
  <reporter-output>
  </reporter-output>
  <suite started-at="2024-01-19T19:36:46 IST" name="Surefire suite" finished-at="2024-01-19T19:36:55 IST" duration-ms="8553">
    <groups>
      <group name="cucumber">
        <method signature="AbstractTestNGCucumberTests.runScenario(io.cucumber.testng.PickleWrapper,io.cucumber.testng.FeatureWrapper)[pri:0, instance:cucumberOptions.TestNGTestRunner@22a637e7]" name="runScenario" class="io.cucumber.testng.AbstractTestNGCucumberTests"/>
      </group> <!-- cucumber -->
    </groups>
    <test started-at="2024-01-19T19:36:46 IST" name="Surefire test" finished-at="2024-01-19T19:36:55 IST" duration-ms="8553">
      <class name="cucumberOptions.TestNGTestRunner">
        <test-method is-config="true" signature="setUpClass(org.testng.ITestContext)[pri:0, instance:cucumberOptions.TestNGTestRunner@22a637e7]" started-at="2024-01-19T19:36:46 IST" name="setUpClass" finished-at="2024-01-19T19:36:47 IST" duration-ms="905" status="PASS">
          <params>
            <param index="0">
              <value>
                <![CDATA[org.testng.TestRunner@78c1a023]]>
              </value>
            </param>
          </params>
          <reporter-output>
          </reporter-output>
        </test-method> <!-- setUpClass -->
        <test-method signature="runScenario(io.cucumber.testng.PickleWrapper,io.cucumber.testng.FeatureWrapper)[pri:0, instance:cucumberOptions.TestNGTestRunner@22a637e7]" started-at="2024-01-19T19:36:47 IST" name="runScenario" description="Runs Cucumber Scenarios" data-provider="scenarios" finished-at="2024-01-19T19:36:54 IST" duration-ms="7200" status="PASS">
          <params>
            <param index="0">
              <value>
                <![CDATA["Search experiance for product search in both home page and offers page"]]>
              </value>
            </param>
            <param index="1">
              <value>
                <![CDATA["Place order for the products"]]>
              </value>
            </param>
          </params>
          <reporter-output>
          </reporter-output>
        </test-method> <!-- runScenario -->
        <test-method is-config="true" signature="tearDownClass()[pri:0, instance:cucumberOptions.TestNGTestRunner@22a637e7]" started-at="2024-01-19T19:36:54 IST" name="tearDownClass" finished-at="2024-01-19T19:36:55 IST" duration-ms="372" status="PASS">
          <reporter-output>
          </reporter-output>
        </test-method> <!-- tearDownClass -->
      </class> <!-- cucumberOptions.TestNGTestRunner -->
    </test> <!-- Surefire test -->
  </suite> <!-- Surefire suite -->
</testng-results>
