<?xml version="1.0" encoding="UTF-8"?>
<!-- Generated by org.testng.reporters.JUnitReportReporter -->
<testsuite hostname="DESKTOP-E6P2TPN" failures="1" tests="3" name="cucumberOptions.TestNGTestRunner" time="43.438" errors="0" timestamp="2024-01-18T21:34:19 IST" skipped="0">
  <testcase classname="cucumberOptions.TestNGTestRunner" name="runScenario" time="13.076">
    <failure message="expected [Beetroot] but found [No data]" type="java.lang.AssertionError">
      <![CDATA[java.lang.AssertionError: expected [Beetroot] but found [No data]
at org.testng.Assert.fail(Assert.java:111)
at org.testng.Assert.failNotEquals(Assert.java:1578)
at org.testng.Assert.assertEqualsImpl(Assert.java:150)
at org.testng.Assert.assertEquals(Assert.java:132)
at org.testng.Assert.assertEquals(Assert.java:656)
at org.testng.Assert.assertEquals(Assert.java:666)
at stepDefinitions.OfferPageStepDeifnitions.validates_names(OfferPageStepDeifnitions.java:47)
at ✽.validates landingPage name and search page name(file:///C:/Users/DELL/eclipse-workspace/cucumber/CucumberFramework/src/test/java/features/searchProduct.feature:9)
]]>
    </failure>
  </testcase> <!-- runScenario -->
  <testcase classname="cucumberOptions.TestNGTestRunner" name="runScenario" time="13.149"/>
  <testcase classname="cucumberOptions.TestNGTestRunner" name="runScenario" time="17.213"/>
</testsuite> <!-- cucumberOptions.TestNGTestRunner -->
